[2021-04-22T15:20:15.843171+00:00] BMVC.ERROR: Dotenv\Exception\InvalidPathException: Unable to read any of the environment file(s) at [D:\AmppS\www\bmvc\.env]. in D:\AmppS\www\bmvc\vendor\vlucas\phpdotenv\src\Store\FileStore.php:68
Stack trace:
#0 D:\AmppS\www\bmvc\vendor\vlucas\phpdotenv\src\Dotenv.php(222): Dotenv\Store\FileStore->read()
#1 D:\AmppS\www\bmvc\vendor\mirarus\bmvc-core\Core\App.php(97): Dotenv\Dotenv->load()
#2 D:\AmppS\www\bmvc\vendor\mirarus\bmvc-core\Core\App.php(55): BMVC\Core\App::initDotenv()
#3 D:\AmppS\www\bmvc\init.php(18): BMVC\Core\App::Run(Array)
#4 D:\AmppS\www\bmvc\Public\index.php(39): require_once('D:\\AmppS\\www\\bm...')
#5 {main} [] []
[2021-04-22T15:30:49.389539+00:00] BMVC.ERROR: Dotenv\Exception\InvalidFileException: Failed to parse dotenv file. Encountered an invalid name at [	sd]. in D:\AmppS\www\bmvc\vendor\vlucas\phpdotenv\src\Parser\Parser.php:30
Stack trace:
#0 D:\AmppS\www\bmvc\vendor\graham-campbell\result-type\src\Error.php(118): Dotenv\Parser\Parser::Dotenv\Parser\{closure}('Encountered an ...')
#1 D:\AmppS\www\bmvc\vendor\vlucas\phpdotenv\src\Parser\Parser.php(31): GrahamCampbell\ResultType\Error->mapError(Object(Closure))
#2 D:\AmppS\www\bmvc\vendor\vlucas\phpdotenv\src\Dotenv.php(222): Dotenv\Parser\Parser->parse('ENVIRONMENT=dev...')
#3 D:\AmppS\www\bmvc\vendor\mirarus\bmvc-core\Core\App.php(97): Dotenv\Dotenv->load()
#4 D:\AmppS\www\bmvc\vendor\mirarus\bmvc-core\Core\App.php(55): BMVC\Core\App::initDotenv()
#5 D:\AmppS\www\bmvc\init.php(18): BMVC\Core\App::Run(Array)
#6 D:\AmppS\www\bmvc\Public\index.php(39): require_once('D:\\AmppS\\www\\bm...')
#7 {main} [] []
[2021-04-22T15:31:17.892066+00:00] BMVC.ERROR: Dotenv\Exception\InvalidFileException: Failed to parse dotenv file. Encountered an invalid name at []]. in D:\AmppS\www\bmvc\vendor\vlucas\phpdotenv\src\Parser\Parser.php:30
Stack trace:
#0 D:\AmppS\www\bmvc\vendor\graham-campbell\result-type\src\Error.php(118): Dotenv\Parser\Parser::Dotenv\Parser\{closure}('Encountered an ...')
#1 D:\AmppS\www\bmvc\vendor\vlucas\phpdotenv\src\Parser\Parser.php(31): GrahamCampbell\ResultType\Error->mapError(Object(Closure))
#2 D:\AmppS\www\bmvc\vendor\vlucas\phpdotenv\src\Dotenv.php(222): Dotenv\Parser\Parser->parse('ENVIRONMENT=dev...')
#3 D:\AmppS\www\bmvc\vendor\mirarus\bmvc-core\Core\App.php(97): Dotenv\Dotenv->load()
#4 D:\AmppS\www\bmvc\vendor\mirarus\bmvc-core\Core\App.php(55): BMVC\Core\App::initDotenv()
#5 D:\AmppS\www\bmvc\init.php(18): BMVC\Core\App::Run(Array)
#6 D:\AmppS\www\bmvc\Public\index.php(39): require_once('D:\\AmppS\\www\\bm...')
#7 {main} [] []
[2021-04-22T15:31:26.627375+00:00] BMVC.ERROR: Dotenv\Exception\InvalidFileException: Failed to parse dotenv file. Encountered an invalid name at []]. in D:\AmppS\www\bmvc\vendor\vlucas\phpdotenv\src\Parser\Parser.php:30
Stack trace:
#0 D:\AmppS\www\bmvc\vendor\graham-campbell\result-type\src\Error.php(118): Dotenv\Parser\Parser::Dotenv\Parser\{closure}('Encountered an ...')
#1 D:\AmppS\www\bmvc\vendor\vlucas\phpdotenv\src\Parser\Parser.php(31): GrahamCampbell\ResultType\Error->mapError(Object(Closure))
#2 D:\AmppS\www\bmvc\vendor\vlucas\phpdotenv\src\Dotenv.php(222): Dotenv\Parser\Parser->parse('ENVIRONMENT=dev...')
#3 D:\AmppS\www\bmvc\vendor\mirarus\bmvc-core\Core\App.php(97): Dotenv\Dotenv->load()
#4 D:\AmppS\www\bmvc\vendor\mirarus\bmvc-core\Core\App.php(55): BMVC\Core\App::initDotenv()
#5 D:\AmppS\www\bmvc\init.php(18): BMVC\Core\App::Run(Array)
#6 D:\AmppS\www\bmvc\Public\index.php(39): require_once('D:\\AmppS\\www\\bm...')
#7 {main} [] []
[2021-04-22T15:36:15.335674+00:00] BMVC.ERROR: PDOException: SQLSTATE[HY000] [1045] Access denied for user ''@'localhost' (using password: NO) in D:\AmppS\www\bmvc\vendor\mirarus\bmvc-core\Libraries\BasicDB.php:68
Stack trace:
#0 D:\AmppS\www\bmvc\vendor\mirarus\bmvc-core\Libraries\BasicDB.php(68): PDO->__construct('mysql:host=loca...', '', '')
#1 D:\AmppS\www\bmvc\vendor\mirarus\bmvc-core\Core\Model.php(45): BMVC\Libs\BasicDB->__construct('localhost', '', '', '')
#2 D:\AmppS\www\bmvc\vendor\mirarus\bmvc-core\Core\Model.php(32): BMVC\Core\Model::DB()
#3 D:\AmppS\www\bmvc\vendor\mirarus\bmvc-core\Core\App.php(132): BMVC\Core\Model->__construct()
#4 D:\AmppS\www\bmvc\vendor\mirarus\bmvc-core\Core\App.php(58): BMVC\Core\App::init(Array)
#5 D:\AmppS\www\bmvc\init.php(18): BMVC\Core\App::Run(Array)
#6 D:\AmppS\www\bmvc\Public\index.php(39): require_once('D:\\AmppS\\www\\bm...')
#7 {main} [] []
[2021-04-22T15:38:18.116553+00:00] BMVC.ERROR: Dotenv\Exception\ValidationException: One or more environment variables failed assertions: DATABASE_DSN is missing. in D:\AmppS\www\bmvc\vendor\vlucas\phpdotenv\src\Validator.php:175
Stack trace:
#0 D:\AmppS\www\bmvc\vendor\vlucas\phpdotenv\src\Validator.php(57): Dotenv\Validator->assert(Object(Closure), 'is missing')
#1 D:\AmppS\www\bmvc\vendor\vlucas\phpdotenv\src\Dotenv.php(253): Dotenv\Validator->required()
#2 D:\AmppS\www\bmvc\init.php(29): Dotenv\Dotenv->required('DATABASE_DSN')
#3 D:\AmppS\www\bmvc\Public\index.php(39): require_once('D:\\AmppS\\www\\bm...')
#4 {main} [] []
[2021-04-22T15:38:47.041920+00:00] BMVC.ERROR: Dotenv\Exception\ValidationException: One or more environment variables failed assertions: DB_HOST is missing, DB_NAME is missing, DB_USER is missing, DB_PASS is missing. in D:\AmppS\www\bmvc\vendor\vlucas\phpdotenv\src\Validator.php:175
Stack trace:
#0 D:\AmppS\www\bmvc\vendor\vlucas\phpdotenv\src\Validator.php(57): Dotenv\Validator->assert(Object(Closure), 'is missing')
#1 D:\AmppS\www\bmvc\vendor\vlucas\phpdotenv\src\Dotenv.php(253): Dotenv\Validator->required()
#2 D:\AmppS\www\bmvc\init.php(29): Dotenv\Dotenv->required(Array)
#3 D:\AmppS\www\bmvc\Public\index.php(39): require_once('D:\\AmppS\\www\\bm...')
#4 {main} [] []
[2021-04-22T15:38:51.279429+00:00] BMVC.ERROR: Dotenv\Exception\ValidationException: One or more environment variables failed assertions: DB_HOST is missing, DB_NAME is missing, DB_USER is missing, DB_PASS is missing. in D:\AmppS\www\bmvc\vendor\vlucas\phpdotenv\src\Validator.php:175
Stack trace:
#0 D:\AmppS\www\bmvc\vendor\vlucas\phpdotenv\src\Validator.php(57): Dotenv\Validator->assert(Object(Closure), 'is missing')
#1 D:\AmppS\www\bmvc\vendor\vlucas\phpdotenv\src\Dotenv.php(253): Dotenv\Validator->required()
#2 D:\AmppS\www\bmvc\init.php(29): Dotenv\Dotenv->required(Array)
#3 D:\AmppS\www\bmvc\Public\index.php(39): require_once('D:\\AmppS\\www\\bm...')
#4 {main} [] []
[2021-04-22T15:39:05.852178+00:00] BMVC.ERROR: Dotenv\Exception\ValidationException: One or more environment variables failed assertions: DB_NAME is missing, DB_USER is missing, DB_PASS is missing. in D:\AmppS\www\bmvc\vendor\vlucas\phpdotenv\src\Validator.php:175
Stack trace:
#0 D:\AmppS\www\bmvc\vendor\vlucas\phpdotenv\src\Validator.php(57): Dotenv\Validator->assert(Object(Closure), 'is missing')
#1 D:\AmppS\www\bmvc\vendor\vlucas\phpdotenv\src\Dotenv.php(253): Dotenv\Validator->required()
#2 D:\AmppS\www\bmvc\init.php(29): Dotenv\Dotenv->required(Array)
#3 D:\AmppS\www\bmvc\Public\index.php(39): require_once('D:\\AmppS\\www\\bm...')
#4 {main} [] []
[2021-04-22T15:39:15.793116+00:00] BMVC.ERROR: Dotenv\Exception\ValidationException: One or more environment variables failed assertions: DB_USER is missing, DB_PASS is missing. in D:\AmppS\www\bmvc\vendor\vlucas\phpdotenv\src\Validator.php:175
Stack trace:
#0 D:\AmppS\www\bmvc\vendor\vlucas\phpdotenv\src\Validator.php(57): Dotenv\Validator->assert(Object(Closure), 'is missing')
#1 D:\AmppS\www\bmvc\vendor\vlucas\phpdotenv\src\Dotenv.php(253): Dotenv\Validator->required()
#2 D:\AmppS\www\bmvc\init.php(29): Dotenv\Dotenv->required(Array)
#3 D:\AmppS\www\bmvc\Public\index.php(39): require_once('D:\\AmppS\\www\\bm...')
#4 {main} [] []
[2021-04-22T15:39:56.243988+00:00] BMVC.ERROR: Dotenv\Exception\ValidationException: One or more environment variables failed assertions: DB_NAME is empty. in D:\AmppS\www\bmvc\vendor\vlucas\phpdotenv\src\Validator.php:175
Stack trace:
#0 D:\AmppS\www\bmvc\vendor\vlucas\phpdotenv\src\Validator.php(199): Dotenv\Validator->assert(Object(Closure), 'is empty')
#1 D:\AmppS\www\bmvc\vendor\vlucas\phpdotenv\src\Validator.php(74): Dotenv\Validator->assertNullable(Object(Closure), 'is empty')
#2 D:\AmppS\www\bmvc\init.php(30): Dotenv\Validator->notEmpty()
#3 D:\AmppS\www\bmvc\Public\index.php(39): require_once('D:\\AmppS\\www\\bm...')
#4 {main} [] []
[2021-04-22T15:40:10.871280+00:00] BMVC.ERROR: Dotenv\Exception\ValidationException: One or more environment variables failed assertions: DB_NAME is empty. in D:\AmppS\www\bmvc\vendor\vlucas\phpdotenv\src\Validator.php:175
Stack trace:
#0 D:\AmppS\www\bmvc\vendor\vlucas\phpdotenv\src\Validator.php(199): Dotenv\Validator->assert(Object(Closure), 'is empty')
#1 D:\AmppS\www\bmvc\vendor\vlucas\phpdotenv\src\Validator.php(74): Dotenv\Validator->assertNullable(Object(Closure), 'is empty')
#2 D:\AmppS\www\bmvc\init.php(30): Dotenv\Validator->notEmpty()
#3 D:\AmppS\www\bmvc\Public\index.php(39): require_once('D:\\AmppS\\www\\bm...')
#4 {main} [] []
[2021-04-22T15:41:37.177250+00:00] BMVC.ERROR: Dotenv\Exception\ValidationException: One or more environment variables failed assertions: DB_NAME is empty. in D:\AmppS\www\bmvc\vendor\vlucas\phpdotenv\src\Validator.php:175
Stack trace:
#0 D:\AmppS\www\bmvc\vendor\vlucas\phpdotenv\src\Validator.php(199): Dotenv\Validator->assert(Object(Closure), 'is empty')
#1 D:\AmppS\www\bmvc\vendor\vlucas\phpdotenv\src\Validator.php(74): Dotenv\Validator->assertNullable(Object(Closure), 'is empty')
#2 D:\AmppS\www\bmvc\vendor\mirarus\bmvc-core\Core\Model.php(41): Dotenv\Validator->notEmpty()
#3 D:\AmppS\www\bmvc\vendor\mirarus\bmvc-core\Core\Model.php(32): BMVC\Core\Model::DB()
#4 D:\AmppS\www\bmvc\vendor\mirarus\bmvc-core\Core\App.php(134): BMVC\Core\Model->__construct()
#5 D:\AmppS\www\bmvc\vendor\mirarus\bmvc-core\Core\App.php(59): BMVC\Core\App::init(Array)
#6 D:\AmppS\www\bmvc\init.php(18): BMVC\Core\App::Run(Array)
#7 D:\AmppS\www\bmvc\Public\index.php(39): require_once('D:\\AmppS\\www\\bm...')
#8 {main} [] []
[2021-04-22T15:41:52.832712+00:00] BMVC.ERROR: Error: Call to undefined method Dotenv\Dotenv::get() in D:\AmppS\www\bmvc\vendor\mirarus\bmvc-core\Core\Model.php:43
Stack trace:
#0 D:\AmppS\www\bmvc\vendor\mirarus\bmvc-core\Core\Model.php(32): BMVC\Core\Model::DB()
#1 D:\AmppS\www\bmvc\vendor\mirarus\bmvc-core\Core\App.php(134): BMVC\Core\Model->__construct()
#2 D:\AmppS\www\bmvc\vendor\mirarus\bmvc-core\Core\App.php(59): BMVC\Core\App::init(Array)
#3 D:\AmppS\www\bmvc\init.php(18): BMVC\Core\App::Run(Array)
#4 D:\AmppS\www\bmvc\Public\index.php(39): require_once('D:\\AmppS\\www\\bm...')
#5 {main} [] []
[2021-04-22T15:43:08.685292+00:00] BMVC.ERROR: PDOException: SQLSTATE[HY000] [1045] Access denied for user ''@'localhost' (using password: NO) in D:\AmppS\www\bmvc\vendor\mirarus\bmvc-core\Libraries\BasicDB.php:68
Stack trace:
#0 D:\AmppS\www\bmvc\vendor\mirarus\bmvc-core\Libraries\BasicDB.php(68): PDO->__construct('mysql:host=loca...', '', '')
#1 D:\AmppS\www\bmvc\vendor\mirarus\bmvc-core\Core\Model.php(48): BMVC\Libs\BasicDB->__construct('localhost', 'a', '', '')
#2 D:\AmppS\www\bmvc\vendor\mirarus\bmvc-core\Core\Model.php(32): BMVC\Core\Model::DB()
#3 D:\AmppS\www\bmvc\vendor\mirarus\bmvc-core\Core\App.php(134): BMVC\Core\Model->__construct()
#4 D:\AmppS\www\bmvc\vendor\mirarus\bmvc-core\Core\App.php(59): BMVC\Core\App::init(Array)
#5 D:\AmppS\www\bmvc\init.php(18): BMVC\Core\App::Run(Array)
#6 D:\AmppS\www\bmvc\Public\index.php(39): require_once('D:\\AmppS\\www\\bm...')
#7 {main} [] []
[2021-04-22T15:43:16.792238+00:00] BMVC.ERROR: PDOException: SQLSTATE[HY000] [1045] Access denied for user ''@'localhost' (using password: NO) in D:\AmppS\www\bmvc\vendor\mirarus\bmvc-core\Libraries\BasicDB.php:68
Stack trace:
#0 D:\AmppS\www\bmvc\vendor\mirarus\bmvc-core\Libraries\BasicDB.php(68): PDO->__construct('mysql:host=loca...', '', '')
#1 D:\AmppS\www\bmvc\vendor\mirarus\bmvc-core\Core\Model.php(48): BMVC\Libs\BasicDB->__construct('localhost', '', '', '')
#2 D:\AmppS\www\bmvc\vendor\mirarus\bmvc-core\Core\Model.php(32): BMVC\Core\Model::DB()
#3 D:\AmppS\www\bmvc\vendor\mirarus\bmvc-core\Core\App.php(134): BMVC\Core\Model->__construct()
#4 D:\AmppS\www\bmvc\vendor\mirarus\bmvc-core\Core\App.php(59): BMVC\Core\App::init(Array)
#5 D:\AmppS\www\bmvc\init.php(18): BMVC\Core\App::Run(Array)
#6 D:\AmppS\www\bmvc\Public\index.php(39): require_once('D:\\AmppS\\www\\bm...')
#7 {main} [] []
[2021-04-22T15:43:25.397604+00:00] BMVC.ERROR: PDOException: SQLSTATE[HY000] [1045] Access denied for user ''@'localhost' (using password: NO) in D:\AmppS\www\bmvc\vendor\mirarus\bmvc-core\Libraries\BasicDB.php:68
Stack trace:
#0 D:\AmppS\www\bmvc\vendor\mirarus\bmvc-core\Libraries\BasicDB.php(68): PDO->__construct('mysql:host=loca...', '', '')
#1 D:\AmppS\www\bmvc\vendor\mirarus\bmvc-core\Core\Model.php(45): BMVC\Libs\BasicDB->__construct('localhost', '', '', '')
#2 D:\AmppS\www\bmvc\vendor\mirarus\bmvc-core\Core\Model.php(32): BMVC\Core\Model::DB()
#3 D:\AmppS\www\bmvc\vendor\mirarus\bmvc-core\Core\App.php(134): BMVC\Core\Model->__construct()
#4 D:\AmppS\www\bmvc\vendor\mirarus\bmvc-core\Core\App.php(59): BMVC\Core\App::init(Array)
#5 D:\AmppS\www\bmvc\init.php(18): BMVC\Core\App::Run(Array)
#6 D:\AmppS\www\bmvc\Public\index.php(39): require_once('D:\\AmppS\\www\\bm...')
#7 {main} [] []
[2021-04-22T15:43:59.781034+00:00] BMVC.ERROR: PDOException: SQLSTATE[HY000] [1045] Access denied for user ''@'localhost' (using password: NO) in D:\AmppS\www\bmvc\vendor\mirarus\bmvc-core\Libraries\BasicDB.php:68
Stack trace:
#0 D:\AmppS\www\bmvc\vendor\mirarus\bmvc-core\Libraries\BasicDB.php(68): PDO->__construct('mysql:host=loca...', '', '')
#1 D:\AmppS\www\bmvc\vendor\mirarus\bmvc-core\Core\Model.php(45): BMVC\Libs\BasicDB->__construct('localhost', '', '', '')
#2 D:\AmppS\www\bmvc\vendor\mirarus\bmvc-core\Core\Model.php(32): BMVC\Core\Model::DB()
#3 D:\AmppS\www\bmvc\vendor\mirarus\bmvc-core\Core\App.php(134): BMVC\Core\Model->__construct()
#4 D:\AmppS\www\bmvc\vendor\mirarus\bmvc-core\Core\App.php(59): BMVC\Core\App::init(Array)
#5 D:\AmppS\www\bmvc\init.php(18): BMVC\Core\App::Run(Array)
#6 D:\AmppS\www\bmvc\Public\index.php(39): require_once('D:\\AmppS\\www\\bm...')
#7 {main} [] []
